<?xml version="1.0" encoding="UTF-8"?>
<testng-results skipped="0" failed="1" ignored="0" total="1" passed="0">
  <reporter-output>
  </reporter-output>
  <suite name="Default suite" duration-ms="144" started-at="2020-09-24T04:00:07 PDT" finished-at="2020-09-24T04:00:07 PDT">
    <groups>
    </groups>
    <test name="Default test" duration-ms="144" started-at="2020-09-24T04:00:07 PDT" finished-at="2020-09-24T04:00:07 PDT">
      <class name="com.atmecs.blazedemo.pageactions.SignupPageAction">
        <test-method status="PASS" signature="signupDetails()[pri:0, instance:com.atmecs.blazedemo.pageactions.SignupPageAction@23faf8f2]" name="signupDetails" is-config="true" duration-ms="26" started-at="2020-09-24T04:00:07 PDT" finished-at="2020-09-24T04:00:07 PDT">
          <reporter-output>
          </reporter-output>
        </test-method> <!-- signupDetails -->
        <test-method status="FAIL" signature="signUp(java.lang.String, java.lang.String)[pri:0, instance:com.atmecs.blazedemo.pageactions.SignupPageAction@23faf8f2]" name="signUp" duration-ms="0" started-at="2020-09-24T04:00:07 PDT" data-provider="userdata" finished-at="2020-09-24T04:00:07 PDT">
          <exception class="org.testng.TestNGException">
            <message>
              <![CDATA[
Method public void com.atmecs.blazedemo.pageactions.SignupPageAction.signUp(java.lang.String,java.lang.String) throws java.io.IOException,java.lang.InterruptedException requires a @DataProvider named : userdata]]>
            </message>
            <full-stacktrace>
              <![CDATA[org.testng.TestNGException: 
Method public void com.atmecs.blazedemo.pageactions.SignupPageAction.signUp(java.lang.String,java.lang.String) throws java.io.IOException,java.lang.InterruptedException requires a @DataProvider named : userdata
at org.testng.internal.Parameters.findDataProvider(Parameters.java:559)
at org.testng.internal.Parameters.handleParameters(Parameters.java:772)
at org.testng.internal.Parameters.handleParameters(Parameters.java:740)
at org.testng.internal.ParameterHandler.handleParameters(ParameterHandler.java:59)
at org.testng.internal.ParameterHandler.createParameters(ParameterHandler.java:38)
at org.testng.internal.TestInvoker$MethodInvocationAgent.invoke(TestInvoker.java:789)
at org.testng.internal.TestInvoker.invokeTestMethods(TestInvoker.java:147)
at org.testng.internal.TestMethodWorker.invokeTestMethods(TestMethodWorker.java:146)
at org.testng.internal.TestMethodWorker.run(TestMethodWorker.java:128)
at java.util.ArrayList.forEach(ArrayList.java:1259)
at org.testng.TestRunner.privateRun(TestRunner.java:764)
at org.testng.TestRunner.run(TestRunner.java:585)
at org.testng.SuiteRunner.runTest(SuiteRunner.java:384)
at org.testng.SuiteRunner.runSequentially(SuiteRunner.java:378)
at org.testng.SuiteRunner.privateRun(SuiteRunner.java:337)
at org.testng.SuiteRunner.run(SuiteRunner.java:286)
at org.testng.SuiteRunnerWorker.runSuite(SuiteRunnerWorker.java:53)
at org.testng.SuiteRunnerWorker.run(SuiteRunnerWorker.java:96)
at org.testng.TestNG.runSuitesSequentially(TestNG.java:1218)
at org.testng.TestNG.runSuitesLocally(TestNG.java:1140)
at org.testng.TestNG.runSuites(TestNG.java:1069)
at org.testng.TestNG.run(TestNG.java:1037)
at org.testng.remote.AbstractRemoteTestNG.run(AbstractRemoteTestNG.java:115)
at org.testng.remote.RemoteTestNG.initAndRun(RemoteTestNG.java:251)
at org.testng.remote.RemoteTestNG.main(RemoteTestNG.java:77)
]]>
            </full-stacktrace>
          </exception> <!-- org.testng.TestNGException -->
          <reporter-output>
          </reporter-output>
        </test-method> <!-- signUp -->
      </class> <!-- com.atmecs.blazedemo.pageactions.SignupPageAction -->
    </test> <!-- Default test -->
  </suite> <!-- Default suite -->
</testng-results>
