<?xml version="1.0" encoding="UTF-8"?>
<testng-results skipped="1" failed="0" ignored="0" total="1" passed="0">
  <reporter-output>
  </reporter-output>
  <suite name="Default suite" duration-ms="78451" started-at="2020-09-28T02:40:21 PDT" finished-at="2020-09-28T02:41:40 PDT">
    <groups>
    </groups>
    <test name="Default test" duration-ms="78451" started-at="2020-09-28T02:40:21 PDT" finished-at="2020-09-28T02:41:40 PDT">
      <class name="com.atmecs.blazedemo.testscript.SignupTest">
        <test-method status="PASS" signature="invokeBrowser()[pri:0, instance:com.atmecs.blazedemo.testscript.SignupTest@1f7030a6]" name="invokeBrowser" is-config="true" duration-ms="73423" started-at="2020-09-28T02:40:21 PDT" finished-at="2020-09-28T02:41:35 PDT">
          <reporter-output>
          </reporter-output>
        </test-method> <!-- invokeBrowser -->
        <test-method status="SKIP" signature="signup(java.lang.String, java.lang.String)[pri:0, instance:com.atmecs.blazedemo.testscript.SignupTest@1f7030a6]" name="signup" duration-ms="0" started-at="2020-09-28T02:41:39 PDT" data-provider="userdata" finished-at="2020-09-28T02:41:39 PDT">
          <exception class="java.lang.RuntimeException">
            <message>
              <![CDATA[java.lang.IncompatibleClassChangeError: Found interface org.apache.poi.util.POILogger, but class was expected]]>
            </message>
            <full-stacktrace>
              <![CDATA[java.lang.RuntimeException: java.lang.IncompatibleClassChangeError: Found interface org.apache.poi.util.POILogger, but class was expected
at org.testng.internal.MethodInvocationHelper.invokeMethodNoCheckedException(MethodInvocationHelper.java:49)
at org.testng.internal.MethodInvocationHelper.invokeDataProvider(MethodInvocationHelper.java:145)
at org.testng.internal.Parameters.handleParameters(Parameters.java:797)
at org.testng.internal.Parameters.handleParameters(Parameters.java:740)
at org.testng.internal.ParameterHandler.handleParameters(ParameterHandler.java:59)
at org.testng.internal.ParameterHandler.createParameters(ParameterHandler.java:38)
at org.testng.internal.TestInvoker$MethodInvocationAgent.invoke(TestInvoker.java:789)
at org.testng.internal.TestInvoker.invokeTestMethods(TestInvoker.java:147)
at org.testng.internal.TestMethodWorker.invokeTestMethods(TestMethodWorker.java:146)
at org.testng.internal.TestMethodWorker.run(TestMethodWorker.java:128)
at java.util.ArrayList.forEach(ArrayList.java:1259)
at org.testng.TestRunner.privateRun(TestRunner.java:764)
at org.testng.TestRunner.run(TestRunner.java:585)
at org.testng.SuiteRunner.runTest(SuiteRunner.java:384)
at org.testng.SuiteRunner.runSequentially(SuiteRunner.java:378)
at org.testng.SuiteRunner.privateRun(SuiteRunner.java:337)
at org.testng.SuiteRunner.run(SuiteRunner.java:286)
at org.testng.SuiteRunnerWorker.runSuite(SuiteRunnerWorker.java:53)
at org.testng.SuiteRunnerWorker.run(SuiteRunnerWorker.java:96)
at org.testng.TestNG.runSuitesSequentially(TestNG.java:1218)
at org.testng.TestNG.runSuitesLocally(TestNG.java:1140)
at org.testng.TestNG.runSuites(TestNG.java:1069)
at org.testng.TestNG.run(TestNG.java:1037)
at org.testng.remote.AbstractRemoteTestNG.run(AbstractRemoteTestNG.java:115)
at org.testng.remote.RemoteTestNG.initAndRun(RemoteTestNG.java:251)
at org.testng.remote.RemoteTestNG.main(RemoteTestNG.java:77)
Caused by: java.lang.IncompatibleClassChangeError: Found interface org.apache.poi.util.POILogger, but class was expected
at org.apache.poi.openxml4j.opc.ZipPackage.buildPartName(ZipPackage.java:275)
at org.apache.poi.openxml4j.opc.ZipPackage.getPartsImpl(ZipPackage.java:214)
at org.apache.poi.openxml4j.opc.OPCPackage.getParts(OPCPackage.java:684)
at org.apache.poi.openxml4j.opc.OPCPackage.open(OPCPackage.java:275)
at org.apache.poi.util.PackageHelper.open(PackageHelper.java:37)
at org.apache.poi.xssf.usermodel.XSSFWorkbook.<init>(XSSFWorkbook.java:266)
at com.atmecs.blazedemo.excel.UtilsTest.readData(UtilsTest.java:20)
at com.atmecs.blazedemo.testscript.SignupTest.getDetails(SignupTest.java:19)
at sun.reflect.NativeMethodAccessorImpl.invoke0(Native Method)
at sun.reflect.NativeMethodAccessorImpl.invoke(NativeMethodAccessorImpl.java:62)
at sun.reflect.DelegatingMethodAccessorImpl.invoke(DelegatingMethodAccessorImpl.java:43)
at java.lang.reflect.Method.invoke(Method.java:498)
at org.testng.internal.MethodInvocationHelper.invokeMethod(MethodInvocationHelper.java:132)
at org.testng.internal.MethodInvocationHelper.invokeMethod(MethodInvocationHelper.java:76)
at org.testng.internal.MethodInvocationHelper.invokeMethodNoCheckedException(MethodInvocationHelper.java:45)
... 25 more
]]>
            </full-stacktrace>
          </exception> <!-- java.lang.RuntimeException -->
          <reporter-output>
          </reporter-output>
        </test-method> <!-- signup -->
      </class> <!-- com.atmecs.blazedemo.testscript.SignupTest -->
    </test> <!-- Default test -->
  </suite> <!-- Default suite -->
</testng-results>
