<?xml version="1.0" encoding="UTF-8"?>
<!-- Generated by org.testng.reporters.JUnitXMLReporter -->
<testsuite hostname="DESKTOP-ATOQJFI" ignored="3" tests="0" failures="0" timestamp="2020-09-24T03:59:36 PDT" time="0.781" errors="0">
  <testcase name="@BeforeTest invokeBrowser" time="0.71" classname="com.atmecs.blazedemo.baseclass.BaseClass">
    <failure type="java.lang.IllegalStateException" message="The driver executable does not exist: C:\Users\admin\Downloads\Blaze-master\Blaze-master\BlazeDemo\.\Driver\chromedriver.exe">
      <![CDATA[java.lang.IllegalStateException: The driver executable does not exist: C:\Users\admin\Downloads\Blaze-master\Blaze-master\BlazeDemo\.\Driver\chromedriver.exe
at com.google.common.base.Preconditions.checkState(Preconditions.java:585)
at org.openqa.selenium.remote.service.DriverService.checkExecutable(DriverService.java:146)
at org.openqa.selenium.remote.service.DriverService.findExecutable(DriverService.java:141)
at org.openqa.selenium.chrome.ChromeDriverService.access$000(ChromeDriverService.java:35)
at org.openqa.selenium.chrome.ChromeDriverService$Builder.findDefaultExecutable(ChromeDriverService.java:159)
at org.openqa.selenium.remote.service.DriverService$Builder.build(DriverService.java:355)
at org.openqa.selenium.chrome.ChromeDriverService.createDefaultService(ChromeDriverService.java:94)
at org.openqa.selenium.chrome.ChromeDriver.<init>(ChromeDriver.java:123)
at com.atmecs.blazedemo.baseclass.BaseClass.invokeBrowser(BaseClass.java:21)
... Removed 24 stack frames]]>
    </failure>
  </testcase> <!-- @BeforeTest invokeBrowser -->
  <testcase name="@BeforeTest invokeBrowser" time="0.0" classname="com.atmecs.blazedemo.baseclass.BaseClass">
    <ignored/>
  </testcase> <!-- @BeforeTest invokeBrowser -->
  <testcase name="@BeforeTest invokeBrowser" time="0.0" classname="com.atmecs.blazedemo.baseclass.BaseClass">
    <ignored/>
  </testcase> <!-- @BeforeTest invokeBrowser -->
  <testcase name="@BeforeTest invokeBrowser" time="0.0" classname="com.atmecs.blazedemo.baseclass.BaseClass">
    <ignored/>
  </testcase> <!-- @BeforeTest invokeBrowser -->
</testsuite>
