<?xml version="1.0" encoding="UTF-8"?>
<testng-results skipped="0" failed="1" ignored="0" total="1" passed="0">
  <reporter-output>
  </reporter-output>
  <suite name="Default suite" duration-ms="431" started-at="2020-10-14T09:17:54 PDT" finished-at="2020-10-14T09:17:55 PDT">
    <groups>
    </groups>
    <test name="Default test" duration-ms="431" started-at="2020-10-14T09:17:54 PDT" finished-at="2020-10-14T09:17:55 PDT">
      <class name="com.testjson.ReadData">
        <test-method status="FAIL" signature="readData()[pri:0, instance:com.testjson.ReadData@9660f4e]" name="readData" duration-ms="72" started-at="2020-10-14T09:17:55 PDT" finished-at="2020-10-14T09:17:55 PDT">
          <exception class="java.lang.ClassCastException">
            <message>
              <![CDATA[java.lang.String cannot be cast to java.lang.Integer]]>
            </message>
            <full-stacktrace>
              <![CDATA[java.lang.ClassCastException: java.lang.String cannot be cast to java.lang.Integer
at com.atmecs.utils.ReadJsonFile.parseEmployeeObject(ReadJsonFile.java:54)
at com.atmecs.utils.ReadJsonFile.lambda$0(ReadJsonFile.java:28)
at java.util.ArrayList.forEach(ArrayList.java:1259)
at com.atmecs.utils.ReadJsonFile.readDataFile(ReadJsonFile.java:28)
at com.testjson.ReadData.readData(ReadData.java:14)
at sun.reflect.NativeMethodAccessorImpl.invoke0(Native Method)
at sun.reflect.NativeMethodAccessorImpl.invoke(NativeMethodAccessorImpl.java:62)
at sun.reflect.DelegatingMethodAccessorImpl.invoke(DelegatingMethodAccessorImpl.java:43)
at java.lang.reflect.Method.invoke(Method.java:498)
at org.testng.internal.MethodInvocationHelper.invokeMethod(MethodInvocationHelper.java:132)
at org.testng.internal.TestInvoker.invokeMethod(TestInvoker.java:599)
at org.testng.internal.TestInvoker.invokeTestMethod(TestInvoker.java:174)
at org.testng.internal.MethodRunner.runInSequence(MethodRunner.java:46)
at org.testng.internal.TestInvoker$MethodInvocationAgent.invoke(TestInvoker.java:822)
at org.testng.internal.TestInvoker.invokeTestMethods(TestInvoker.java:147)
at org.testng.internal.TestMethodWorker.invokeTestMethods(TestMethodWorker.java:146)
at org.testng.internal.TestMethodWorker.run(TestMethodWorker.java:128)
at java.util.ArrayList.forEach(ArrayList.java:1259)
at org.testng.TestRunner.privateRun(TestRunner.java:764)
at org.testng.TestRunner.run(TestRunner.java:585)
at org.testng.SuiteRunner.runTest(SuiteRunner.java:384)
at org.testng.SuiteRunner.runSequentially(SuiteRunner.java:378)
at org.testng.SuiteRunner.privateRun(SuiteRunner.java:337)
at org.testng.SuiteRunner.run(SuiteRunner.java:286)
at org.testng.SuiteRunnerWorker.runSuite(SuiteRunnerWorker.java:53)
at org.testng.SuiteRunnerWorker.run(SuiteRunnerWorker.java:96)
at org.testng.TestNG.runSuitesSequentially(TestNG.java:1218)
at org.testng.TestNG.runSuitesLocally(TestNG.java:1140)
at org.testng.TestNG.runSuites(TestNG.java:1069)
at org.testng.TestNG.run(TestNG.java:1037)
at org.testng.remote.AbstractRemoteTestNG.run(AbstractRemoteTestNG.java:115)
at org.testng.remote.RemoteTestNG.initAndRun(RemoteTestNG.java:251)
at org.testng.remote.RemoteTestNG.main(RemoteTestNG.java:77)
]]>
            </full-stacktrace>
          </exception> <!-- java.lang.ClassCastException -->
          <reporter-output>
          </reporter-output>
        </test-method> <!-- readData -->
      </class> <!-- com.testjson.ReadData -->
    </test> <!-- Default test -->
  </suite> <!-- Default suite -->
</testng-results>
